19:33:10 **** Incremental Build of configuration Debug for project TP-1 ****
Info: Internal Builder is used for build
gcc -O0 -g3 -Wall -c -fmessage-length=0 -o "src\\TP-1.o" "..\\src\\TP-1.c" 
..\src\TP-1.c: In function 'main':
..\src\TP-1.c:52:14: error: 'cls' undeclared (first use in this function)
       system(cls);
              ^~~
..\src\TP-1.c:52:14: note: each undeclared identifier is reported only once for each function it appears in
19:33:52 **** Incremental Build of configuration Debug for project TP-1 ****
Info: Internal Builder is used for build
gcc -O0 -g3 -Wall -c -fmessage-length=0 -o "src\\TP-1.o" "..\\src\\TP-1.c" 
gcc -o TP-1.exe "src\\TP-1.o" "src\\calculos.o" "src\\ingresoDeDatos.o" 
Info: Nothing to build for TP-1
19:35:16 **** Incremental Build of configuration Debug for project TP-1 ****
Info: Internal Builder is used for build
gcc -O0 -g3 -Wall -c -fmessage-length=0 -o "src\\TP-1.o" "..\\src\\TP-1.c" 
gcc -o TP-1.exe "src\\TP-1.o" "src\\calculos.o" "src\\ingresoDeDatos.o" 
Info: Nothing to build for TP-1
Info: Nothing to build for TP-1
19:38:00 **** Incremental Build of configuration Debug for project TP-1 ****
Info: Internal Builder is used for build
gcc -O0 -g3 -Wall -c -fmessage-length=0 -o "src\\TP-1.o" "..\\src\\TP-1.c" 
gcc -o TP-1.exe "src\\TP-1.o" "src\\calculos.o" "src\\ingresoDeDatos.o" 
19:40:00 **** Incremental Build of configuration Debug for project TP-1 ****
Info: Internal Builder is used for build
gcc -O0 -g3 -Wall -c -fmessage-length=0 -o "src\\TP-1.o" "..\\src\\TP-1.c" 
gcc -o TP-1.exe "src\\TP-1.o" "src\\calculos.o" "src\\ingresoDeDatos.o" 
Info: Nothing to build for TP-1
19:40:51 **** Incremental Build of configuration Debug for project TP-1 ****
Info: Internal Builder is used for build
gcc -O0 -g3 -Wall -c -fmessage-length=0 -o "src\\TP-1.o" "..\\src\\TP-1.c" 
gcc -o TP-1.exe "src\\TP-1.o" "src\\calculos.o" "src\\ingresoDeDatos.o" 
Info: Nothing to build for TP-1
Info: Nothing to build for TP-1
19:44:05 **** Incremental Build of configuration Debug for project TP-1 ****
Info: Internal Builder is used for build
gcc -O0 -g3 -Wall -c -fmessage-length=0 -o "src\\TP-1.o" "..\\src\\TP-1.c" 
gcc -o TP-1.exe "src\\TP-1.o" "src\\calculos.o" "src\\ingresoDeDatos.o" 
Info: Nothing to build for TP-1
Info: Nothing to build for TP-1
Info: Nothing to build for TP-1
19:48:33 **** Incremental Build of configuration Debug for project TP-1 ****
Info: Internal Builder is used for build
gcc -O0 -g3 -Wall -c -fmessage-length=0 -o "src\\TP-1.o" "..\\src\\TP-1.c" 
gcc -o TP-1.exe "src\\TP-1.o" "src\\calculos.o" "src\\ingresoDeDatos.o" 
19:51:30 **** Incremental Build of configuration Debug for project TP-1 ****
Info: Internal Builder is used for build
gcc -O0 -g3 -Wall -c -fmessage-length=0 -o "src\\TP-1.o" "..\\src\\TP-1.c" 
gcc -o TP-1.exe "src\\TP-1.o" "src\\calculos.o" "src\\ingresoDeDatos.o" 
19:53:44 **** Incremental Build of configuration Debug for project TP-1 ****
Info: Internal Builder is used for build
gcc -O0 -g3 -Wall -c -fmessage-length=0 -o "src\\TP-1.o" "..\\src\\TP-1.c" 
gcc -o TP-1.exe "src\\TP-1.o" "src\\calculos.o" "src\\ingresoDeDatos.o" 
19:54:55 **** Incremental Build of configuration Debug for project TP-1 ****
Info: Internal Builder is used for build
gcc -O0 -g3 -Wall -c -fmessage-length=0 -o "src\\TP-1.o" "..\\src\\TP-1.c" 
..\src\TP-1.c: In function 'main':
..\src\TP-1.c:76:21: warning: statement with no effect [-Wunused-value]
             flagUno == 1;
             ~~~~~~~~^~~~
..\src\TP-1.c:81:21: warning: statement with no effect [-Wunused-value]
             flagDos == 1;
             ~~~~~~~~^~~~
gcc -o TP-1.exe "src\\TP-1.o" "src\\calculos.o" "src\\ingresoDeDatos.o" 
19:55:04 **** Incremental Build of configuration Debug for project TP-1 ****
Info: Internal Builder is used for build
gcc -O0 -g3 -Wall -c -fmessage-length=0 -o "src\\TP-1.o" "..\\src\\TP-1.c" 
gcc -o TP-1.exe "src\\TP-1.o" "src\\calculos.o" "src\\ingresoDeDatos.o" 
Info: Nothing to build for TP-1
Info: Nothing to build for TP-1
19:59:45 **** Incremental Build of configuration Debug for project TP-1 ****
Info: Internal Builder is used for build
gcc -O0 -g3 -Wall -c -fmessage-length=0 -o "src\\TP-1.o" "..\\src\\TP-1.c" 
..\src\TP-1.c: In function 'main':
..\src\TP-1.c:60:7: error: expected ';' before 'if'
       if(flagUno == 1)
       ^~
..\src\TP-1.c:43:9: warning: variable 'flagDos' set but not used [-Wunused-but-set-variable]
     int flagDos;
         ^~~~~~~
..\src\TP-1.c:42:9: warning: variable 'flagUno' set but not used [-Wunused-but-set-variable]
     int flagUno;
         ^~~~~~~
20:00:02 **** Incremental Build of configuration Debug for project TP-1 ****
Info: Internal Builder is used for build
gcc -O0 -g3 -Wall -c -fmessage-length=0 -o "src\\TP-1.o" "..\\src\\TP-1.c" 
..\src\TP-1.c: In function 'main':
..\src\TP-1.c:60:7: error: expected ';' before 'if'
       if(flagUno == 1)
       ^~
..\src\TP-1.c:43:9: warning: variable 'flagDos' set but not used [-Wunused-but-set-variable]
     int flagDos;
         ^~~~~~~
..\src\TP-1.c:42:9: warning: variable 'flagUno' set but not used [-Wunused-but-set-variable]
     int flagUno;
         ^~~~~~~
20:00:07 **** Incremental Build of configuration Debug for project TP-1 ****
Info: Internal Builder is used for build
gcc -O0 -g3 -Wall -c -fmessage-length=0 -o "src\\TP-1.o" "..\\src\\TP-1.c" 
gcc -o TP-1.exe "src\\TP-1.o" "src\\calculos.o" "src\\ingresoDeDatos.o" 
Info: Nothing to build for TP-1
20:03:23 **** Incremental Build of configuration Debug for project TP-1 ****
Info: Internal Builder is used for build
gcc -O0 -g3 -Wall -c -fmessage-length=0 -o "src\\TP-1.o" "..\\src\\TP-1.c" 
gcc -o TP-1.exe "src\\TP-1.o" "src\\calculos.o" "src\\ingresoDeDatos.o" 
20:04:44 **** Incremental Build of configuration Debug for project TP-1 ****
Info: Internal Builder is used for build
gcc -O0 -g3 -Wall -c -fmessage-length=0 -o "src\\TP-1.o" "..\\src\\TP-1.c" 
gcc -o TP-1.exe "src\\TP-1.o" "src\\calculos.o" "src\\ingresoDeDatos.o" 
20:05:38 **** Incremental Build of configuration Debug for project TP-1 ****
Info: Internal Builder is used for build
gcc -O0 -g3 -Wall -c -fmessage-length=0 -o "src\\TP-1.o" "..\\src\\TP-1.c" 
..\src\TP-1.c: In function 'main':
..\src\TP-1.c:43:9: warning: variable 'flagDos' set but not used [-Wunused-but-set-variable]
     int flagDos;
         ^~~~~~~
..\src\TP-1.c:42:9: warning: variable 'flagUno' set but not used [-Wunused-but-set-variable]
     int flagUno;
         ^~~~~~~
gcc -o TP-1.exe "src\\TP-1.o" "src\\calculos.o" "src\\ingresoDeDatos.o" 
20:05:51 **** Incremental Build of configuration Debug for project TP-1 ****
Info: Internal Builder is used for build
gcc -O0 -g3 -Wall -c -fmessage-length=0 -o "src\\TP-1.o" "..\\src\\TP-1.c" 
gcc -o TP-1.exe "src\\TP-1.o" "src\\calculos.o" "src\\ingresoDeDatos.o" 
20:06:22 **** Incremental Build of configuration Debug for project TP-1 ****
Info: Internal Builder is used for build
gcc -O0 -g3 -Wall -c -fmessage-length=0 -o "src\\TP-1.o" "..\\src\\TP-1.c" 
gcc -o TP-1.exe "src\\TP-1.o" "src\\calculos.o" "src\\ingresoDeDatos.o" 
20:08:08 **** Incremental Build of configuration Debug for project TP-1 ****
Info: Internal Builder is used for build
gcc -O0 -g3 -Wall -c -fmessage-length=0 -o "src\\TP-1.o" "..\\src\\TP-1.c" 
gcc -O0 -g3 -Wall -c -fmessage-length=0 -o "src\\ingresoDeDatos.o" "..\\src\\ingresoDeDatos.c" 
gcc -o TP-1.exe "src\\TP-1.o" "src\\calculos.o" "src\\ingresoDeDatos.o" 
20:22:12 **** Incremental Build of configuration Debug for project TP-1 ****
Info: Internal Builder is used for build
gcc -O0 -g3 -Wall -c -fmessage-length=0 -o "src\\TP-1.o" "..\\src\\TP-1.c" 
gcc -o TP-1.exe "src\\TP-1.o" "src\\calculos.o" "src\\ingresoDeDatos.o" 
Info: Nothing to build for TP-1
20:24:41 **** Incremental Build of configuration Debug for project TP-1 ****
Info: Internal Builder is used for build
gcc -O0 -g3 -Wall -c -fmessage-length=0 -o "src\\TP-1.o" "..\\src\\TP-1.c" 
gcc -o TP-1.exe "src\\TP-1.o" "src\\calculos.o" "src\\ingresoDeDatos.o" 
Info: Nothing to build for TP-1
Info: Nothing to build for TP-1
20:26:40 **** Incremental Build of configuration Debug for project TP-1 ****
Info: Internal Builder is used for build
gcc -O0 -g3 -Wall -c -fmessage-length=0 -o "src\\TP-1.o" "..\\src\\TP-1.c" 
gcc -o TP-1.exe "src\\TP-1.o" "src\\calculos.o" "src\\ingresoDeDatos.o" 
20:28:16 **** Incremental Build of configuration Debug for project TP-1 ****
Info: Internal Builder is used for build
gcc -O0 -g3 -Wall -c -fmessage-length=0 -o "src\\TP-1.o" "..\\src\\TP-1.c" 
gcc -o TP-1.exe "src\\TP-1.o" "src\\calculos.o" "src\\ingresoDeDatos.o" 
Info: Nothing to build for TP-1
20:28:56 **** Incremental Build of configuration Debug for project TP-1 ****
Info: Internal Builder is used for build
gcc -O0 -g3 -Wall -c -fmessage-length=0 -o "src\\TP-1.o" "..\\src\\TP-1.c" 
gcc -o TP-1.exe "src\\TP-1.o" "src\\calculos.o" "src\\ingresoDeDatos.o" 
Info: Nothing to build for TP-1
20:29:22 **** Incremental Build of configuration Debug for project TP-1 ****
Info: Internal Builder is used for build
gcc -O0 -g3 -Wall -c -fmessage-length=0 -o "src\\TP-1.o" "..\\src\\TP-1.c" 
gcc -o TP-1.exe "src\\TP-1.o" "src\\calculos.o" "src\\ingresoDeDatos.o" 
20:37:43 **** Incremental Build of configuration Debug for project TP-1 ****
Info: Internal Builder is used for build
gcc -O0 -g3 -Wall -c -fmessage-length=0 -o "src\\TP-1.o" "..\\src\\TP-1.c" 
..\src\TP-1.c: In function 'main':
..\src\TP-1.c:116:16: error: expected expression before ')' token
             if()
                ^
..\src\TP-1.c:120:19: error: expected expression before ')' token
                if()
                   ^
20:39:18 **** Incremental Build of configuration Debug for project TP-1 ****
Info: Internal Builder is used for build
gcc -O0 -g3 -Wall -c -fmessage-length=0 -o "src\\TP-1.o" "..\\src\\TP-1.c" 
gcc -o TP-1.exe "src\\TP-1.o" "src\\calculos.o" "src\\ingresoDeDatos.o" 
Info: Nothing to build for TP-1
20:41:29 **** Incremental Build of configuration Debug for project TP-1 ****
Info: Internal Builder is used for build
gcc -O0 -g3 -Wall -c -fmessage-length=0 -o "src\\TP-1.o" "..\\src\\TP-1.c" 
gcc -o TP-1.exe "src\\TP-1.o" "src\\calculos.o" "src\\ingresoDeDatos.o" 
20:54:37 **** Incremental Build of configuration Debug for project TP-1 ****
Info: Internal Builder is used for build
gcc -O0 -g3 -Wall -c -fmessage-length=0 -o "src\\TP-1.o" "..\\src\\TP-1.c" 
gcc -o TP-1.exe "src\\TP-1.o" "src\\calculos.o" "src\\ingresoDeDatos.o" 
Info: Nothing to build for TP-1
20:55:29 **** Incremental Build of configuration Debug for project TP-1 ****
Info: Internal Builder is used for build
gcc -O0 -g3 -Wall -c -fmessage-length=0 -o "src\\TP-1.o" "..\\src\\TP-1.c" 
gcc -o TP-1.exe "src\\TP-1.o" "src\\calculos.o" "src\\ingresoDeDatos.o" 
20:55:52 **** Incremental Build of configuration Debug for project TP-1 ****
Info: Internal Builder is used for build
gcc -O0 -g3 -Wall -c -fmessage-length=0 -o "src\\TP-1.o" "..\\src\\TP-1.c" 
gcc -o TP-1.exe "src\\TP-1.o" "src\\calculos.o" "src\\ingresoDeDatos.o" 
20:56:05 **** Incremental Build of configuration Debug for project TP-1 ****
Info: Internal Builder is used for build
gcc -O0 -g3 -Wall -c -fmessage-length=0 -o "src\\TP-1.o" "..\\src\\TP-1.c" 
gcc -o TP-1.exe "src\\TP-1.o" "src\\calculos.o" "src\\ingresoDeDatos.o" 
20:58:24 **** Incremental Build of configuration Debug for project TP-1 ****
Info: Internal Builder is used for build
gcc -O0 -g3 -Wall -c -fmessage-length=0 -o "src\\TP-1.o" "..\\src\\TP-1.c" 
gcc -o TP-1.exe "src\\TP-1.o" "src\\calculos.o" "src\\ingresoDeDatos.o" 
Info: Nothing to build for TP-1
Info: Nothing to build for TP-1
21:03:14 **** Incremental Build of configuration Debug for project TP-1 ****
Info: Internal Builder is used for build
gcc -O0 -g3 -Wall -c -fmessage-length=0 -o "src\\TP-1.o" "..\\src\\TP-1.c" 
gcc -o TP-1.exe "src\\TP-1.o" "src\\calculos.o" "src\\ingresoDeDatos.o" 
21:04:19 **** Incremental Build of configuration Debug for project TP-1 ****
Info: Internal Builder is used for build
gcc -O0 -g3 -Wall -c -fmessage-length=0 -o "src\\TP-1.o" "..\\src\\TP-1.c" 
gcc -o TP-1.exe "src\\TP-1.o" "src\\calculos.o" "src\\ingresoDeDatos.o" 
Info: Nothing to build for TP-1
21:06:42 **** Incremental Build of configuration Debug for project TP-1 ****
Info: Internal Builder is used for build
gcc -O0 -g3 -Wall -c -fmessage-length=0 -o "src\\TP-1.o" "..\\src\\TP-1.c" 
gcc -o TP-1.exe "src\\TP-1.o" "src\\calculos.o" "src\\ingresoDeDatos.o" 
Info: Nothing to build for TP-1
21:08:28 **** Incremental Build of configuration Debug for project TP-1 ****
Info: Internal Builder is used for build
gcc -O0 -g3 -Wall -c -fmessage-length=0 -o "src\\TP-1.o" "..\\src\\TP-1.c" 
gcc -o TP-1.exe "src\\TP-1.o" "src\\calculos.o" "src\\ingresoDeDatos.o" 
21:11:00 **** Incremental Build of configuration Debug for project TP-1 ****
Info: Internal Builder is used for build
gcc -O0 -g3 -Wall -c -fmessage-length=0 -o "src\\TP-1.o" "..\\src\\TP-1.c" 
gcc -o TP-1.exe "src\\TP-1.o" "src\\calculos.o" "src\\ingresoDeDatos.o" 
Info: Nothing to build for TP-1
21:12:34 **** Incremental Build of configuration Debug for project TP-1 ****
Info: Internal Builder is used for build
gcc -O0 -g3 -Wall -c -fmessage-length=0 -o "src\\TP-1.o" "..\\src\\TP-1.c" 
gcc -o TP-1.exe "src\\TP-1.o" "src\\calculos.o" "src\\ingresoDeDatos.o" 
21:12:48 **** Incremental Build of configuration Debug for project TP-1 ****
Info: Internal Builder is used for build
gcc -O0 -g3 -Wall -c -fmessage-length=0 -o "src\\TP-1.o" "..\\src\\TP-1.c" 
gcc -o TP-1.exe "src\\TP-1.o" "src\\calculos.o" "src\\ingresoDeDatos.o" 
21:13:13 **** Incremental Build of configuration Debug for project TP-1 ****
Info: Internal Builder is used for build
gcc -O0 -g3 -Wall -c -fmessage-length=0 -o "src\\TP-1.o" "..\\src\\TP-1.c" 
gcc -o TP-1.exe "src\\TP-1.o" "src\\calculos.o" "src\\ingresoDeDatos.o" 
Info: Nothing to build for TP-1
Info: Nothing to build for TP-1
18:53:57 **** Incremental Build of configuration Debug for project TP-1 ****
Info: Internal Builder is used for build
gcc -O0 -g3 -Wall -c -fmessage-length=0 -o "src\\TP-1.o" "..\\src\\TP-1.c" 
..\src\TP-1.c: In function 'main':
..\src\TP-1.c:46:9: warning: unused variable 'flagCalculoTres' [-Wunused-variable]
     int flagCalculoTres;
         ^~~~~~~~~~~~~~~
..\src\TP-1.c:45:9: warning: unused variable 'flagCalculoDos' [-Wunused-variable]
     int flagCalculoDos;
         ^~~~~~~~~~~~~~
..\src\TP-1.c:44:9: warning: unused variable 'flagCalculoUno' [-Wunused-variable]
     int flagCalculoUno;
         ^~~~~~~~~~~~~~
gcc -o TP-1.exe "src\\TP-1.o" "src\\calculos.o" "src\\ingresoDeDatos.o" 
18:54:27 **** Incremental Build of configuration Debug for project TP-1 ****
Info: Internal Builder is used for build
gcc -O0 -g3 -Wall -c -fmessage-length=0 -o "src\\TP-1.o" "..\\src\\TP-1.c" 
..\src\TP-1.c: In function 'main':
..\src\TP-1.c:46:9: warning: variable 'flagCalculoTres' set but not used [-Wunused-but-set-variable]
     int flagCalculoTres;
         ^~~~~~~~~~~~~~~
..\src\TP-1.c:45:9: warning: variable 'flagCalculoDos' set but not used [-Wunused-but-set-variable]
     int flagCalculoDos;
         ^~~~~~~~~~~~~~
..\src\TP-1.c:44:9: warning: variable 'flagCalculoUno' set but not used [-Wunused-but-set-variable]
     int flagCalculoUno;
         ^~~~~~~~~~~~~~
gcc -o TP-1.exe "src\\TP-1.o" "src\\calculos.o" "src\\ingresoDeDatos.o" 
18:55:13 **** Incremental Build of configuration Debug for project TP-1 ****
Info: Internal Builder is used for build
gcc -O0 -g3 -Wall -c -fmessage-length=0 -o "src\\TP-1.o" "..\\src\\TP-1.c" 
..\src\TP-1.c: In function 'main':
..\src\TP-1.c:46:9: warning: variable 'flagCalculoTres' set but not used [-Wunused-but-set-variable]
     int flagCalculoTres;
         ^~~~~~~~~~~~~~~
..\src\TP-1.c:45:9: warning: variable 'flagCalculoDos' set but not used [-Wunused-but-set-variable]
     int flagCalculoDos;
         ^~~~~~~~~~~~~~
..\src\TP-1.c:44:9: warning: variable 'flagCalculoUno' set but not used [-Wunused-but-set-variable]
     int flagCalculoUno;
         ^~~~~~~~~~~~~~
gcc -o TP-1.exe "src\\TP-1.o" "src\\calculos.o" "src\\ingresoDeDatos.o" 
18:57:08 **** Incremental Build of configuration Debug for project TP-1 ****
Info: Internal Builder is used for build
gcc -O0 -g3 -Wall -c -fmessage-length=0 -o "src\\TP-1.o" "..\\src\\TP-1.c" 
..\src\TP-1.c: In function 'main':
..\src\TP-1.c:46:9: warning: variable 'flagCalculoTres' set but not used [-Wunused-but-set-variable]
     int flagCalculoTres;
         ^~~~~~~~~~~~~~~
..\src\TP-1.c:45:9: warning: variable 'flagCalculoDos' set but not used [-Wunused-but-set-variable]
     int flagCalculoDos;
         ^~~~~~~~~~~~~~
..\src\TP-1.c:44:9: warning: variable 'flagCalculoUno' set but not used [-Wunused-but-set-variable]
     int flagCalculoUno;
         ^~~~~~~~~~~~~~
gcc -o TP-1.exe "src\\TP-1.o" "src\\calculos.o" "src\\ingresoDeDatos.o" 
18:59:33 **** Incremental Build of configuration Debug for project TP-1 ****
Info: Internal Builder is used for build
gcc -O0 -g3 -Wall -c -fmessage-length=0 -o "src\\TP-1.o" "..\\src\\TP-1.c" 
gcc -o TP-1.exe "src\\TP-1.o" "src\\calculos.o" "src\\ingresoDeDatos.o" 
Info: Nothing to build for TP-1
19:03:21 **** Incremental Build of configuration Debug for project TP-1 ****
Info: Internal Builder is used for build
gcc -O0 -g3 -Wall -c -fmessage-length=0 -o "src\\TP-1.o" "..\\src\\TP-1.c" 
gcc -o TP-1.exe "src\\TP-1.o" "src\\calculos.o" "src\\ingresoDeDatos.o" 
Info: Nothing to build for TP-1
19:07:03 **** Incremental Build of configuration Debug for project TP-1 ****
Info: Internal Builder is used for build
gcc -O0 -g3 -Wall -c -fmessage-length=0 -o "src\\TP-1.o" "..\\src\\TP-1.c" 
gcc -o TP-1.exe "src\\TP-1.o" "src\\calculos.o" "src\\ingresoDeDatos.o" 
Info: Nothing to build for TP-1
Info: Nothing to build for TP-1
19:11:52 **** Incremental Build of configuration Debug for project TP-1 ****
Info: Internal Builder is used for build
gcc -O0 -g3 -Wall -c -fmessage-length=0 -o "src\\TP-1.o" "..\\src\\TP-1.c" 
gcc -o TP-1.exe "src\\TP-1.o" "src\\calculos.o" "src\\ingresoDeDatos.o" 
Info: Nothing to build for TP-1
19:15:05 **** Incremental Build of configuration Debug for project TP-1 ****
Info: Internal Builder is used for build
gcc -O0 -g3 -Wall -c -fmessage-length=0 -o "src\\TP-1.o" "..\\src\\TP-1.c" 
gcc -o TP-1.exe "src\\TP-1.o" "src\\calculos.o" "src\\ingresoDeDatos.o" 
c:/mingw/bin/../lib/gcc/mingw32/6.3.0/../../../../mingw32/bin/ld.exe: cannot open output file TP-1.exe: Permission denied
collect2.exe: error: ld returned 1 exit status
19:15:12 **** Incremental Build of configuration Debug for project TP-1 ****
Info: Internal Builder is used for build
gcc -o TP-1.exe "src\\TP-1.o" "src\\calculos.o" "src\\ingresoDeDatos.o" 
19:16:39 **** Incremental Build of configuration Debug for project TP-1 ****
Info: Internal Builder is used for build
gcc -O0 -g3 -Wall -c -fmessage-length=0 -o "src\\TP-1.o" "..\\src\\TP-1.c" 
gcc -o TP-1.exe "src\\TP-1.o" "src\\calculos.o" "src\\ingresoDeDatos.o" 
19:19:15 **** Incremental Build of configuration Debug for project TP-1 ****
Info: Internal Builder is used for build
gcc -O0 -g3 -Wall -c -fmessage-length=0 -o "src\\TP-1.o" "..\\src\\TP-1.c" 
gcc -o TP-1.exe "src\\TP-1.o" "src\\calculos.o" "src\\ingresoDeDatos.o" 
19:20:37 **** Incremental Build of configuration Debug for project TP-1 ****
Info: Internal Builder is used for build
gcc -O0 -g3 -Wall -c -fmessage-length=0 -o "src\\TP-1.o" "..\\src\\TP-1.c" 
gcc -o TP-1.exe "src\\TP-1.o" "src\\calculos.o" "src\\ingresoDeDatos.o" 
Info: Nothing to build for TP-1
19:21:49 **** Incremental Build of configuration Debug for project TP-1 ****
Info: Internal Builder is used for build
gcc -O0 -g3 -Wall -c -fmessage-length=0 -o "src\\TP-1.o" "..\\src\\TP-1.c" 
gcc -o TP-1.exe "src\\TP-1.o" "src\\calculos.o" "src\\ingresoDeDatos.o" 
19:24:12 **** Incremental Build of configuration Debug for project TP-1 ****
Info: Internal Builder is used for build
gcc -O0 -g3 -Wall -c -fmessage-length=0 -o "src\\TP-1.o" "..\\src\\TP-1.c" 
gcc -o TP-1.exe "src\\TP-1.o" "src\\calculos.o" "src\\ingresoDeDatos.o" 
19:26:12 **** Incremental Build of configuration Debug for project TP-1 ****
Info: Internal Builder is used for build
gcc -O0 -g3 -Wall -c -fmessage-length=0 -o "src\\TP-1.o" "..\\src\\TP-1.c" 
gcc -o TP-1.exe "src\\TP-1.o" "src\\calculos.o" "src\\ingresoDeDatos.o" 
Info: Nothing to build for TP-1
19:34:34 **** Incremental Build of configuration Debug for project TP-1 ****
Info: Internal Builder is used for build
gcc -O0 -g3 -Wall -c -fmessage-length=0 -o "src\\TP-1.o" "..\\src\\TP-1.c" 
gcc -o TP-1.exe "src\\TP-1.o" "src\\calculos.o" "src\\ingresoDeDatos.o" 
Info: Nothing to build for TP-1
Info: Nothing to build for TP-1
Info: Nothing to build for TP-1
Info: Nothing to build for TP-1
Info: Nothing to build for TP-1
19:38:38 **** Incremental Build of configuration Debug for project TP-1 ****
Info: Internal Builder is used for build
gcc -O0 -g3 -Wall -c -fmessage-length=0 -o "src\\TP-1.o" "..\\src\\TP-1.c" 
..\src\TP-1.c: In function 'main':
..\src\TP-1.c:150:50: warning: format '%d' expects argument of type 'int', but argument 3 has type 'double' [-Wformat=]
              printf("5.1-El factorial de %d es: %d \n",(int)primerNumero, factorialUno);
                                                  ^
gcc -o TP-1.exe "src\\TP-1.o" "src\\calculos.o" "src\\ingresoDeDatos.o" 
19:38:52 **** Incremental Build of configuration Debug for project TP-1 ****
Info: Internal Builder is used for build
gcc -O0 -g3 -Wall -c -fmessage-length=0 -o "src\\TP-1.o" "..\\src\\TP-1.c" 
gcc -o TP-1.exe "src\\TP-1.o" "src\\calculos.o" "src\\ingresoDeDatos.o" 
19:39:45 **** Incremental Build of configuration Debug for project TP-1 ****
Info: Internal Builder is used for build
gcc -O0 -g3 -Wall -c -fmessage-length=0 -o "src\\TP-1.o" "..\\src\\TP-1.c" 
gcc -o TP-1.exe "src\\TP-1.o" "src\\calculos.o" "src\\ingresoDeDatos.o" 
Info: Nothing to build for TP-1
Info: Nothing to build for TP-1
19:48:59 **** Incremental Build of configuration Debug for project TP-1 ****
Info: Internal Builder is used for build
gcc -O0 -g3 -Wall -c -fmessage-length=0 -o "src\\TP-1.o" "..\\src\\TP-1.c" 
gcc -o TP-1.exe "src\\TP-1.o" "src\\calculos.o" "src\\ingresoDeDatos.o" 
19:58:36 **** Rebuild of configuration Debug for project TP-1 ****
Info: Internal Builder is used for build
gcc -O0 -g3 -Wall -c -fmessage-length=0 -o "src\\calculos.o" "..\\src\\calculos.c" 
gcc -O0 -g3 -Wall -c -fmessage-length=0 -o "src\\ingresoDeDatos.o" "..\\src\\ingresoDeDatos.c" 
gcc -O0 -g3 -Wall -c -fmessage-length=0 -o "src\\TP-1.o" "..\\src\\TP-1.c" 
gcc -o TP-1.exe "src\\TP-1.o" "src\\calculos.o" "src\\ingresoDeDatos.o" 
Info: Nothing to build for TP-1
Info: Nothing to build for TP-1
19:59:00 **** Incremental Build of configuration Debug for project TP-1 ****
Info: Internal Builder is used for build
gcc -O0 -g3 -Wall -c -fmessage-length=0 -o "src\\TP-1.o" "..\\src\\TP-1.c" 
gcc -o TP-1.exe "src\\TP-1.o" "src\\calculos.o" "src\\ingresoDeDatos.o" 
08:36:37 **** Rebuild of configuration Debug for project TP-1 ****
Info: Internal Builder is used for build
gcc -O0 -g3 -Wall -c -fmessage-length=0 -o "src\\ingresoDeDatos.o" "..\\src\\ingresoDeDatos.c" 
gcc -O0 -g3 -Wall -c -fmessage-length=0 -o "src\\calculos.o" "..\\src\\calculos.c" 
gcc -O0 -g3 -Wall -c -fmessage-length=0 -o "src\\TP-1.o" "..\\src\\TP-1.c" 
gcc -o TP-1.exe "src\\TP-1.o" "src\\calculos.o" "src\\ingresoDeDatos.o" 
Info: Nothing to build for TP-1
10:02:46 **** Incremental Build of configuration Debug for project TP-1 ****
Info: Internal Builder is used for build
gcc -O0 -g3 -Wall -c -fmessage-length=0 -o "src\\TP-1.o" "..\\src\\TP-1.c" 
gcc -o TP-1.exe "src\\TP-1.o" "src\\calculos.o" "src\\ingresoDeDatos.o" 
Info: Nothing to build for TP-1
10:12:45 **** Incremental Build of configuration Debug for project TP-1 ****
Info: Internal Builder is used for build
gcc -O0 -g3 -Wall -c -fmessage-length=0 -o "src\\TP-1.o" "..\\src\\TP-1.c" 
gcc -o TP-1.exe "src\\TP-1.o" "src\\calculos.o" "src\\ingresoDeDatos.o" 
Info: Nothing to build for TP-1
11:30:19 **** Incremental Build of configuration Debug for project TP-1 ****
Info: Internal Builder is used for build
gcc -O0 -g3 -Wall -c -fmessage-length=0 -o "src\\TP-1.o" "..\\src\\TP-1.c" 
gcc -o TP-1.exe "src\\TP-1.o" "src\\calculos.o" "src\\ingresoDeDatos.o" 
11:31:41 **** Incremental Build of configuration Debug for project TP-1 ****
Info: Internal Builder is used for build
gcc -O0 -g3 -Wall -c -fmessage-length=0 -o "src\\TP-1.o" "..\\src\\TP-1.c" 
gcc -o TP-1.exe "src\\TP-1.o" "src\\calculos.o" "src\\ingresoDeDatos.o" 
Info: Nothing to build for TP-1
11:37:06 **** Incremental Build of configuration Debug for project TP-1 ****
Info: Internal Builder is used for build
gcc -O0 -g3 -Wall -c -fmessage-length=0 -o "src\\TP-1.o" "..\\src\\TP-1.c" 
gcc -o TP-1.exe "src\\TP-1.o" "src\\calculos.o" "src\\ingresoDeDatos.o" 
11:43:16 **** Incremental Build of configuration Debug for project TP-1 ****
Info: Internal Builder is used for build
gcc -O0 -g3 -Wall -c -fmessage-length=0 -o "src\\TP-1.o" "..\\src\\TP-1.c" 
gcc -o TP-1.exe "src\\TP-1.o" "src\\calculos.o" "src\\ingresoDeDatos.o" 
19:29:50 **** Incremental Build of configuration Debug for project TP-1 ****
Info: Internal Builder is used for build
gcc -O0 -g3 -Wall -c -fmessage-length=0 -o "src\\TP-1.o" "..\\src\\TP-1.c" 
gcc -o TP-1.exe "src\\TP-1.o" "src\\calculos.o" "src\\ingresoDeDatos.o" 
Info: Nothing to build for TP-1
19:31:16 **** Incremental Build of configuration Debug for project TP-1 ****
Info: Internal Builder is used for build
gcc -O0 -g3 -Wall -c -fmessage-length=0 -o "src\\TP-1.o" "..\\src\\TP-1.c" 
gcc -o TP-1.exe "src\\TP-1.o" "src\\calculos.o" "src\\ingresoDeDatos.o" 
Info: Nothing to build for TP-1
Info: Nothing to build for TP-1
19:35:19 **** Incremental Build of configuration Debug for project TP-1 ****
Info: Internal Builder is used for build
gcc -O0 -g3 -Wall -c -fmessage-length=0 -o "src\\TP-1.o" "..\\src\\TP-1.c" 
gcc -o TP-1.exe "src\\TP-1.o" "src\\calculos.o" "src\\ingresoDeDatos.o" 
19:35:27 **** Incremental Build of configuration Debug for project TP-1 ****
Info: Internal Builder is used for build
gcc -O0 -g3 -Wall -c -fmessage-length=0 -o "src\\TP-1.o" "..\\src\\TP-1.c" 
gcc -o TP-1.exe "src\\TP-1.o" "src\\calculos.o" "src\\ingresoDeDatos.o" 
Info: Nothing to build for TP-1
19:35:48 **** Incremental Build of configuration Debug for project TP-1 ****
Info: Internal Builder is used for build
gcc -O0 -g3 -Wall -c -fmessage-length=0 -o "src\\TP-1.o" "..\\src\\TP-1.c" 
gcc -o TP-1.exe "src\\TP-1.o" "src\\calculos.o" "src\\ingresoDeDatos.o" 
19:36:02 **** Incremental Build of configuration Debug for project TP-1 ****
Info: Internal Builder is used for build
gcc -O0 -g3 -Wall -c -fmessage-length=0 -o "src\\TP-1.o" "..\\src\\TP-1.c" 
gcc -o TP-1.exe "src\\TP-1.o" "src\\calculos.o" "src\\ingresoDeDatos.o" 
Info: Nothing to build for TP-1
Info: Nothing to build for TP-1
19:37:21 **** Incremental Build of configuration Debug for project TP-1 ****
Info: Internal Builder is used for build
gcc -O0 -g3 -Wall -c -fmessage-length=0 -o "src\\TP-1.o" "..\\src\\TP-1.c" 
gcc -o TP-1.exe "src\\TP-1.o" "src\\calculos.o" "src\\ingresoDeDatos.o" 
Info: Nothing to build for TP-1
19:37:35 **** Incremental Build of configuration Debug for project TP-1 ****
Info: Internal Builder is used for build
gcc -O0 -g3 -Wall -c -fmessage-length=0 -o "src\\TP-1.o" "..\\src\\TP-1.c" 
gcc -o TP-1.exe "src\\TP-1.o" "src\\calculos.o" "src\\ingresoDeDatos.o" 
Info: Nothing to build for TP-1
19:54:42 **** Rebuild of configuration Debug for project TP-1 ****
Info: Internal Builder is used for build
gcc -O0 -g3 -Wall -c -fmessage-length=0 -o "src\\ingresoDeDatos.o" "..\\src\\ingresoDeDatos.c" 
gcc -O0 -g3 -Wall -c -fmessage-length=0 -o "src\\TP-1.o" "..\\src\\TP-1.c" 
..\src\TP-1.c: In function 'main':
..\src\TP-1.c:87:14: error: switch quantity not an integer
       switch(opcion)
              ^~~~~~
..\src\TP-1.c:224:20: warning: comparison between pointer and integer
     } while(opcion != '5');
                    ^~
19:56:11 **** Incremental Build of configuration Debug for project TP-1 ****
Info: Internal Builder is used for build
gcc -O0 -g3 -Wall -c -fmessage-length=0 -o "src\\TP-1.o" "..\\src\\TP-1.c" 
gcc -o TP-1.exe "src\\TP-1.o" "src\\calculos.o" "src\\ingresoDeDatos.o" 
Info: Nothing to build for TP-1
Info: Nothing to build for TP-1
Info: Nothing to build for TP-1
Info: Nothing to build for TP-1
Info: Nothing to build for TP-1
Info: Nothing to build for TP-1
Info: Nothing to build for TP-1
19:16:55 **** Incremental Build of configuration Debug for project TP-1 ****
Info: Internal Builder is used for build
gcc -O0 -g3 -Wall -c -fmessage-length=0 -o "src\\TP-1.o" "..\\src\\TP-1.c" 
..\src\TP-1.c: In function 'main':
..\src\TP-1.c:158:54: warning: format '%f' expects argument of type 'double', but argument 3 has type 'int' [-Wformat=]
              printf("5.1-El factorial de %.2f es: %.2f \n",primerNumero, (int)factorialUno);
                                                      ^
..\src\TP-1.c:183:54: warning: format '%f' expects argument of type 'double', but argument 3 has type 'int' [-Wformat=]
              printf("5.2-El factorial de %.2f es: %.2f \n",segundoNumero, (int)factorialDos);
                                                      ^
gcc -o TP-1.exe "src\\TP-1.o" "src\\calculos.o" "src\\ingresoDeDatos.o" 
Info: Nothing to build for TP-1
19:17:17 **** Incremental Build of configuration Debug for project TP-1 ****
Info: Internal Builder is used for build
gcc -O0 -g3 -Wall -c -fmessage-length=0 -o "src\\TP-1.o" "..\\src\\TP-1.c" 
..\src\TP-1.c: In function 'main':
..\src\TP-1.c:158:54: warning: format '%f' expects argument of type 'double', but argument 3 has type 'int' [-Wformat=]
              printf("5.1-El factorial de %.2f es: %.2f \n",primerNumero, (int)factorialUno);
                                                      ^
..\src\TP-1.c:183:54: warning: unknown conversion type character 0x20 in format [-Wformat=]
              printf("5.2-El factorial de %.2f es: %.2 \n",segundoNumero, (int)factorialDos);
                                                      ^
..\src\TP-1.c:183:21: warning: too many arguments for format [-Wformat-extra-args]
              printf("5.2-El factorial de %.2f es: %.2 \n",segundoNumero, (int)factorialDos);
                     ^~~~~~~~~~~~~~~~~~~~~~~~~~~~~~~~~~~~~
gcc -o TP-1.exe "src\\TP-1.o" "src\\calculos.o" "src\\ingresoDeDatos.o" 
19:17:23 **** Incremental Build of configuration Debug for project TP-1 ****
Info: Internal Builder is used for build
gcc -O0 -g3 -Wall -c -fmessage-length=0 -o "src\\TP-1.o" "..\\src\\TP-1.c" 
..\src\TP-1.c: In function 'main':
..\src\TP-1.c:158:54: warning: format '%f' expects argument of type 'double', but argument 3 has type 'int' [-Wformat=]
              printf("5.1-El factorial de %.2f es: %.2f \n",primerNumero, (int)factorialUno);
                                                      ^
..\src\TP-1.c:183:54: warning: format '%f' expects argument of type 'double', but argument 3 has type 'int' [-Wformat=]
              printf("5.2-El factorial de %.2f es: %.2f \n",segundoNumero, (int)factorialDos);
                                                      ^
gcc -o TP-1.exe "src\\TP-1.o" "src\\calculos.o" "src\\ingresoDeDatos.o" 
19:17:44 **** Incremental Build of configuration Debug for project TP-1 ****
Info: Internal Builder is used for build
gcc -O0 -g3 -Wall -c -fmessage-length=0 -o "src\\TP-1.o" "..\\src\\TP-1.c" 
gcc -o TP-1.exe "src\\TP-1.o" "src\\calculos.o" "src\\ingresoDeDatos.o" 
19:18:40 **** Incremental Build of configuration Debug for project TP-1 ****
Info: Internal Builder is used for build
gcc -O0 -g3 -Wall -c -fmessage-length=0 -o "src\\TP-1.o" "..\\src\\TP-1.c" 
gcc -o TP-1.exe "src\\TP-1.o" "src\\calculos.o" "src\\ingresoDeDatos.o" 
19:19:21 **** Incremental Build of configuration Debug for project TP-1 ****
Info: Internal Builder is used for build
gcc -O0 -g3 -Wall -c -fmessage-length=0 -o "src\\TP-1.o" "..\\src\\TP-1.c" 
gcc -o TP-1.exe "src\\TP-1.o" "src\\calculos.o" "src\\ingresoDeDatos.o" 
Info: Nothing to build for TP-1
19:24:52 **** Incremental Build of configuration Debug for project TP-1 ****
Info: Internal Builder is used for build
gcc -O0 -g3 -Wall -c -fmessage-length=0 -o "src\\TP-1.o" "..\\src\\TP-1.c" 
gcc -o TP-1.exe "src\\TP-1.o" "src\\calculos.o" "src\\ingresoDeDatos.o" 
Info: Nothing to build for TP-1
Info: Nothing to build for TP-1
19:34:22 **** Incremental Build of configuration Debug for project TP-1 ****
Info: Internal Builder is used for build
gcc -O0 -g3 -Wall -c -fmessage-length=0 -o "src\\TP-1.o" "..\\src\\TP-1.c" 
gcc -o TP-1.exe "src\\TP-1.o" "src\\calculos.o" "src\\ingresoDeDatos.o" 
